{
  "RSpec": {
    "coverage": {
      "/home/bruno/develop/projects/challenges/the-whotel/ruby/spec/customer_builder_spec.rb": [
        1,
        null,
        1,
        3,
        null,
        1,
        1,
        1,
        null,
        1,
        null,
        1,
        1,
        1,
        null,
        null,
        1,
        1,
        null,
        1,
        null,
        1,
        null,
        null,
        null,
        null
      ],
      "/home/bruno/develop/projects/challenges/the-whotel/ruby/lib/customer_builder.rb": [
        1,
        1,
        null,
        1,
        2,
        null,
        2,
        null,
        2,
        1,
        1,
        1,
        null,
        1,
        null,
        null,
        null,
        1,
        2,
        1,
        null,
        null,
        null,
        1,
        null,
        1,
        2,
        null,
        null,
        null
      ],
      "/home/bruno/develop/projects/challenges/the-whotel/ruby/spec/customer_spec.rb": [
        1,
        null,
        1,
        5,
        null,
        1,
        1,
        1,
        null,
        1,
        null,
        null,
        1,
        1,
        null,
        null,
        1,
        1,
        2,
        null,
        null,
        1,
        1,
        null,
        null,
        1,
        1,
        null,
        null,
        null,
        null,
        null
      ],
      "/home/bruno/develop/projects/challenges/the-whotel/ruby/lib/customer.rb": [
        1,
        1,
        1,
        null,
        1,
        10,
        10,
        10,
        null,
        null,
        1,
        7,
        7,
        null,
        7,
        20,
        null,
        null,
        null,
        null
      ],
      "/home/bruno/develop/projects/challenges/the-whotel/ruby/spec/data_repository_spec.rb": [
        1,
        null,
        1,
        7,
        null,
        1,
        1,
        1,
        null,
        null,
        1,
        1,
        null,
        1,
        null,
        null,
        null,
        1,
        1,
        1,
        null,
        null,
        1,
        1,
        null,
        1,
        null,
        null,
        1,
        1,
        1,
        null,
        1,
        null,
        null,
        null,
        1,
        1,
        1,
        1,
        null,
        1,
        null,
        1,
        null,
        null,
        null,
        null
      ],
      "/home/bruno/develop/projects/challenges/the-whotel/ruby/lib/data_repository.rb": [
        1,
        1,
        null,
        1,
        null,
        1,
        6,
        6,
        null,
        null,
        null,
        null,
        1,
        2,
        2,
        4,
        null,
        null,
        null,
        null,
        1,
        4,
        4,
        null,
        null,
        null,
        1,
        2,
        null,
        null,
        null
      ],
      "/home/bruno/develop/projects/challenges/the-whotel/ruby/spec/date_helper_spec.rb": [
        1,
        null,
        1,
        4,
        4,
        3,
        null,
        1,
        1,
        1,
        null,
        1,
        1,
        1,
        null,
        null,
        1,
        1,
        null,
        null,
        1,
        1,
        1,
        null,
        null,
        1,
        1,
        null,
        null,
        null,
        1,
        1,
        1,
        null,
        null,
        1,
        1,
        null,
        null,
        1,
        1,
        null,
        null,
        null,
        null
      ],
      "/home/bruno/develop/projects/challenges/the-whotel/ruby/lib/date_helper.rb": [
        1,
        1,
        null,
        1,
        19,
        null,
        null,
        1,
        20,
        null,
        null,
        1,
        4,
        7,
        3,
        null,
        null,
        1,
        null,
        null,
        1,
        3,
        null,
        3,
        10,
        null,
        null,
        3,
        null,
        null,
        null,
        null
      ],
      "/home/bruno/develop/projects/challenges/the-whotel/ruby/spec/enums_spec.rb": [
        1,
        1,
        null
      ],
      "/home/bruno/develop/projects/challenges/the-whotel/ruby/lib/day_type.rb": [
        1,
        1,
        1,
        null,
        null
      ],
      "/home/bruno/develop/projects/challenges/the-whotel/ruby/lib/customer_type.rb": [
        1,
        1,
        1,
        null,
        null
      ],
      "/home/bruno/develop/projects/challenges/the-whotel/ruby/spec/hotel_finder_spec.rb": [
        1,
        null,
        1,
        1,
        5,
        null,
        5,
        5,
        null,
        5,
        5,
        null,
        5,
        5,
        null,
        5,
        5,
        null,
        5,
        5,
        null,
        5,
        null,
        null,
        6,
        null,
        1,
        null,
        1,
        1,
        null,
        1,
        1,
        1,
        null,
        null,
        null,
        1,
        5,
        null,
        1,
        4,
        null,
        null,
        1,
        1,
        null,
        1,
        1,
        null,
        1,
        1,
        null,
        null,
        1,
        1,
        null,
        1,
        null,
        1,
        null,
        null,
        1,
        1,
        null,
        1,
        null,
        1,
        null,
        null,
        1,
        1,
        1,
        1,
        null,
        1,
        null,
        1,
        null,
        1,
        null,
        null,
        null,
        null
      ],
      "/home/bruno/develop/projects/challenges/the-whotel/ruby/lib/hotel_finder.rb": [
        1,
        1,
        null,
        1,
        null,
        1,
        5,
        null,
        null,
        1,
        3,
        3,
        3,
        3,
        null,
        3,
        6,
        6,
        null,
        6,
        null,
        6,
        5,
        5,
        null,
        0,
        0,
        null,
        null,
        null,
        null,
        null,
        null,
        1,
        null,
        1,
        8,
        null,
        null,
        null
      ],
      "/home/bruno/develop/projects/challenges/the-whotel/ruby/spec/hotel_rate_spec.rb": [
        1,
        null,
        1,
        4,
        null,
        1,
        1,
        1,
        1,
        1,
        null,
        null,
        null,
        1,
        1,
        1,
        1,
        null,
        null,
        1,
        1,
        null,
        1,
        1,
        null,
        null,
        null,
        null
      ],
      "/home/bruno/develop/projects/challenges/the-whotel/ruby/lib/hotel_rate.rb": [
        1,
        1,
        null,
        1,
        49,
        49,
        49,
        null,
        null,
        1,
        2,
        null,
        null,
        1,
        2,
        null,
        null,
        null
      ],
      "/home/bruno/develop/projects/challenges/the-whotel/ruby/spec/hotel_spec.rb": [
        1,
        null,
        1,
        2,
        1,
        5,
        null,
        null,
        null,
        1,
        1,
        1,
        null,
        null,
        1,
        1,
        null,
        null,
        1,
        1,
        null,
        null,
        1,
        1,
        1,
        null,
        null,
        null,
        1,
        1,
        1,
        null,
        1,
        null,
        null,
        null,
        null
      ],
      "/home/bruno/develop/projects/challenges/the-whotel/ruby/lib/hotel.rb": [
        1,
        1,
        null,
        1,
        15,
        15,
        15,
        null,
        null,
        1,
        null,
        49,
        13,
        null,
        null,
        null
      ]
    },
    "timestamp": 1422273018
  }
}
